2024-12-25 19:54:15 - log: Load engine in D:\cocos\CocosCreator-v3.8.3-oh-win-102911\resources\resources\3d\engine
2024-12-25 19:54:17 - log: Profile changed: engine (modules.includeModules: 2d,animation,audio,base,dragon-bones,gfx-webgl,gfx-webgl2,intersection-2d,meshopt,particle-2d,physics-2d-box2d,profiler,spine,tiled-map,tween,ui,video,webview)
2024-12-25 19:54:17 - log: Register native engine in D:\cocos\CocosCreator-v3.8.3-oh-win-102911\resources\resources\3d\engine\native
2024-12-25 19:54:18 - log: Request namespace: device-list
2024-12-25 19:55:10 - log: [Scene] meshopt wasm decoder initialized
2024-12-25 19:55:11 - log: [Scene] [box2d]:box2d wasm lib loaded.
2024-12-25 19:55:11 - log: [Scene] [bullet]:bullet wasm lib loaded.
2024-12-25 19:55:11 - log: [Scene] [PHYSICS]: using builtin.
2024-12-25 19:55:14 - log: [Scene] Cocos Creator v3.8.3
2024-12-25 19:55:14 - info: [Scene] Forward render pipeline initialized.
2024-12-25 19:55:14 - log: [Scene] [PHYSICS2D]: switch from box2d-wasm to box2d.
2024-12-25 20:40:29 - error: [Scene] {hidden(::SceneExecutorImportExceptionHandler::)} Error: SyntaxError: C:Program Files (x86)CocosDashboardile:D:cocosadmintonadmintonassetsScriptsGameManager.ts: Missing semicolon. (111:26)

  109 |             this._road[i] = _roadCur;
  110 |         }
> 111 |         onContactFeather(){
      |                           ^
  112 |
  113 |         }
  114 |         for (let i = 1; i <= this.roadHeight; i++) {
    at Object.execute (file:///D:/cocos/badminton/badminton/temp/programming/packer-driver/targets/editor/chunks/e7/e7fb88681a8509b41bfb70259e08006bf3981319.js:8:13)
    at doExec (D:\cocos\CocosCreator-v3.8.3-oh-win-102911\resources\app.asar\node_modules\@editor\lib-programming\static\executor\systemjs-bridge\out\index.js:517:30)
    at postOrderExec (D:\cocos\CocosCreator-v3.8.3-oh-win-102911\resources\app.asar\node_modules\@editor\lib-programming\static\executor\systemjs-bridge\out\index.js:508:21)
    at D:\cocos\CocosCreator-v3.8.3-oh-win-102911\resources\app.asar\node_modules\@editor\lib-programming\static\executor\systemjs-bridge\out\index.js:440:12
    at file:///D:/cocos/badminton/badminton/temp/programming/packer-driver/targets/editor/chunks/6d/6d8fd2b0177941b032ddc0733af48a561fb60657.js:13:13
    at Object.execute (file:///D:/cocos/badminton/badminton/temp/programming/packer-driver/targets/editor/chunks/6d/6d8fd2b0177941b032ddc0733af48a561fb60657.js:8:7)
    at Executor._importPrerequisiteModules (D:\cocos\CocosCreator-v3.8.3-oh-win-102911\resources\app.asar\node_modules\@editor\lib-programming\src\executor\index.ts:316:13)
    at Executor.reload (D:\cocos\CocosCreator-v3.8.3-oh-win-102911\resources\app.asar\node_modules\@editor\lib-programming\src\executor\index.ts:203:13)
    at GlobalEnv.record (D:\cocos\CocosCreator-v3.8.3-oh-win-102911\resources\app.asar\builtin\scene\dist\script\3d\manager\scripts.ccc:1:1732)Error: [Scene] {hidden(::SceneExecutorImportExceptionHandler::)} Error: SyntaxError: C:Program Files (x86)CocosDashboardile:D:cocosadmintonadmintonassetsScriptsGameManager.ts: Missing semicolon. (111:26)

  109 |             this._road[i] = _roadCur;
  110 |         }
> 111 |         onContactFeather(){
  114 |         for (let i = 1; i <= this.roadHeight; i++) {
    at Object.execute (file:///D:/cocos/badminton/badminton/temp/programming/packer-driver/targets/editor/chunks/e7/e7fb88681a8509b41bfb70259e08006bf3981319.js:8:13)
    at doExec (D:\cocos\CocosCreator-v3.8.3-oh-win-102911\resources\app.asar\node_modules\@editor\lib-programming\static\executor\systemjs-bridge\out\index.js:517:30)
    at postOrderExec (D:\cocos\CocosCreator-v3.8.3-oh-win-102911\resources\app.asar\node_modules\@editor\lib-programming\static\executor\systemjs-bridge\out\index.js:508:21)
    at D:\cocos\CocosCreator-v3.8.3-oh-win-102911\resources\app.asar\node_modules\@editor\lib-programming\static\executor\systemjs-bridge\out\index.js:440:12
    at file:///D:/cocos/badminton/badminton/temp/programming/packer-driver/targets/editor/chunks/6d/6d8fd2b0177941b032ddc0733af48a561fb60657.js:13:13
    at Object.execute (file:///D:/cocos/badminton/badminton/temp/programming/packer-driver/targets/editor/chunks/6d/6d8fd2b0177941b032ddc0733af48a561fb60657.js:8:7)
    at Executor._importPrerequisiteModules (D:\cocos\CocosCreator-v3.8.3-oh-win-102911\resources\app.asar\node_modules\@editor\lib-programming\src\executor\index.ts:316:13)
    at Executor.reload (D:\cocos\CocosCreator-v3.8.3-oh-win-102911\resources\app.asar\node_modules\@editor\lib-programming\src\executor\index.ts:203:13)
    at GlobalEnv.record (D:\cocos\CocosCreator-v3.8.3-oh-win-102911\resources\app.asar\builtin\scene\dist\script\3d\manager\scripts.ccc:1:1732)
    at Logger._logHandler (D:\cocos\CocosCreator-v3.8.3-oh-win-102911\resources\app.asar\builtin\scene\dist\script\3d\manager\startup\log.ccc:1:487)
    at Logger.record (D:\cocos\CocosCreator-v3.8.3-oh-win-102911\resources\app.asar\node_modules\@base\electron-logger\lib\renderer.ccc:1:458)
    at console.error (D:\cocos\CocosCreator-v3.8.3-oh-win-102911\resources\app.asar\node_modules\@base\electron-logger\lib\renderer.ccc:1:1414)
    at ScriptManager._handleImportException (D:\cocos\CocosCreator-v3.8.3-oh-win-102911\resources\app.asar\builtin\scene\dist\script\3d\manager\scripts.ccc:1:5195)
    at Executor.importExceptionHandler [as _importExceptionHandler] (D:\cocos\CocosCreator-v3.8.3-oh-win-102911\resources\app.asar\builtin\scene\dist\script\3d\manager\scripts.ccc:1:3379)
    at Executor._onModuleLoaded (D:\cocos\CocosCreator-v3.8.3-oh-win-102911\resources\app.asar\node_modules\@editor\lib-programming\src\executor\index.ts:359:22)
    at SystemJS.onload (D:\cocos\CocosCreator-v3.8.3-oh-win-102911\resources\app.asar\node_modules\@editor\lib-programming\src\executor\index.ts:96:18)
    at triggerOnload (D:\cocos\CocosCreator-v3.8.3-oh-win-102911\resources\app.asar\node_modules\@editor\lib-programming\static\executor\systemjs-bridge\out\index.js:270:10)
    at doExec (D:\cocos\CocosCreator-v3.8.3-oh-win-102911\resources\app.asar\node_modules\@editor\lib-programming\static\executor\systemjs-bridge\out\index.js:538:7)
    at postOrderExec (D:\cocos\CocosCreator-v3.8.3-oh-win-102911\resources\app.asar\node_modules\@editor\lib-programming\static\executor\systemjs-bridge\out\index.js:508:21)
2024-12-25 22:03:38 - warn: [Scene] Set property failed: beCYlEWjlG4LU+K1z0nFbB does not existError: [Scene] Set property failed: beCYlEWjlG4LU+K1z0nFbB does not exist
    at NodeManager.setProperty (D:\cocos\CocosCreator-v3.8.3-oh-win-102911\resources\app.asar\builtin\scene\dist\script\3d\manager\node\index.ccc:1:8258)
    at AnimationSceneFacade.setNodeProperty (D:\cocos\CocosCreator-v3.8.3-oh-win-102911\resources\app.asar\builtin\scene\dist\script\3d\facade\animation-scene-facade.ccc:1:4137)
    at SceneFacadeManager.setNodeProperty (D:\cocos\CocosCreator-v3.8.3-oh-win-102911\resources\app.asar\builtin\scene\dist\script\3d\facade\scene-facade-manager.ccc:1:10573)
    at step (D:\cocos\CocosCreator-v3.8.3-oh-win-102911\resources\app.asar\builtin\scene\dist\script\3d\manager\ipc\web\ipc.ccc:1:732)
    at D:\cocos\CocosCreator-v3.8.3-oh-win-102911\resources\app.asar\builtin\scene\dist\script\3d\manager\ipc\web\ipc.ccc:2:401
    at new Promise (<anonymous>)
    at D:\cocos\CocosCreator-v3.8.3-oh-win-102911\resources\app.asar\builtin\scene\dist\script\3d\manager\ipc\web\ipc.ccc:2:338
2024-12-25 22:03:38 - error: [Window] panel.throttleUpdate is not a functionTypeError: panel.throttleUpdate is not a function
    at Object.set [as readyToUpdate] (D:\cocos\CocosCreator-v3.8.3-oh-win-102911\resources\resources\3d\engine\editor\inspector\contributions\node.js:598:35)
    at Object.change-dump (D:\cocos\CocosCreator-v3.8.3-oh-win-102911\resources\resources\3d\engine\editor\inspector\contributions\node.js:168:33)
2024-12-25 22:03:39 - warn: [Scene] Set property failed: beCYlEWjlG4LU+K1z0nFbB does not existError: [Scene] Set property failed: beCYlEWjlG4LU+K1z0nFbB does not exist
    at NodeManager.setProperty (D:\cocos\CocosCreator-v3.8.3-oh-win-102911\resources\app.asar\builtin\scene\dist\script\3d\manager\node\index.ccc:1:8258)
    at AnimationSceneFacade.setNodeProperty (D:\cocos\CocosCreator-v3.8.3-oh-win-102911\resources\app.asar\builtin\scene\dist\script\3d\facade\animation-scene-facade.ccc:1:4137)
    at SceneFacadeManager.setNodeProperty (D:\cocos\CocosCreator-v3.8.3-oh-win-102911\resources\app.asar\builtin\scene\dist\script\3d\facade\scene-facade-manager.ccc:1:10573)
    at step (D:\cocos\CocosCreator-v3.8.3-oh-win-102911\resources\app.asar\builtin\scene\dist\script\3d\manager\ipc\web\ipc.ccc:1:732)
    at D:\cocos\CocosCreator-v3.8.3-oh-win-102911\resources\app.asar\builtin\scene\dist\script\3d\manager\ipc\web\ipc.ccc:2:401
    at new Promise (<anonymous>)
    at D:\cocos\CocosCreator-v3.8.3-oh-win-102911\resources\app.asar\builtin\scene\dist\script\3d\manager\ipc\web\ipc.ccc:2:338
2024-12-25 22:03:39 - error: [Window] panel.throttleUpdate is not a functionTypeError: panel.throttleUpdate is not a function
    at Object.set [as readyToUpdate] (D:\cocos\CocosCreator-v3.8.3-oh-win-102911\resources\resources\3d\engine\editor\inspector\contributions\node.js:598:35)
    at Object.change-dump (D:\cocos\CocosCreator-v3.8.3-oh-win-102911\resources\resources\3d\engine\editor\inspector\contributions\node.js:168:33)
2024-12-25 22:03:40 - warn: [Scene] Set property failed: beCYlEWjlG4LU+K1z0nFbB does not existError: [Scene] Set property failed: beCYlEWjlG4LU+K1z0nFbB does not exist
    at NodeManager.setProperty (D:\cocos\CocosCreator-v3.8.3-oh-win-102911\resources\app.asar\builtin\scene\dist\script\3d\manager\node\index.ccc:1:8258)
    at AnimationSceneFacade.setNodeProperty (D:\cocos\CocosCreator-v3.8.3-oh-win-102911\resources\app.asar\builtin\scene\dist\script\3d\facade\animation-scene-facade.ccc:1:4137)
    at SceneFacadeManager.setNodeProperty (D:\cocos\CocosCreator-v3.8.3-oh-win-102911\resources\app.asar\builtin\scene\dist\script\3d\facade\scene-facade-manager.ccc:1:10573)
    at step (D:\cocos\CocosCreator-v3.8.3-oh-win-102911\resources\app.asar\builtin\scene\dist\script\3d\manager\ipc\web\ipc.ccc:1:732)
    at D:\cocos\CocosCreator-v3.8.3-oh-win-102911\resources\app.asar\builtin\scene\dist\script\3d\manager\ipc\web\ipc.ccc:2:401
    at new Promise (<anonymous>)
    at D:\cocos\CocosCreator-v3.8.3-oh-win-102911\resources\app.asar\builtin\scene\dist\script\3d\manager\ipc\web\ipc.ccc:2:338
2024-12-25 22:03:40 - error: [Window] panel.throttleUpdate is not a functionTypeError: panel.throttleUpdate is not a function
    at Object.set [as readyToUpdate] (D:\cocos\CocosCreator-v3.8.3-oh-win-102911\resources\resources\3d\engine\editor\inspector\contributions\node.js:598:35)
    at Object.change-dump (D:\cocos\CocosCreator-v3.8.3-oh-win-102911\resources\resources\3d\engine\editor\inspector\contributions\node.js:168:33)
2024-12-25 22:03:41 - warn: [Scene] Set property failed: beCYlEWjlG4LU+K1z0nFbB does not existError: [Scene] Set property failed: beCYlEWjlG4LU+K1z0nFbB does not exist
    at NodeManager.setProperty (D:\cocos\CocosCreator-v3.8.3-oh-win-102911\resources\app.asar\builtin\scene\dist\script\3d\manager\node\index.ccc:1:8258)
    at AnimationSceneFacade.setNodeProperty (D:\cocos\CocosCreator-v3.8.3-oh-win-102911\resources\app.asar\builtin\scene\dist\script\3d\facade\animation-scene-facade.ccc:1:4137)
    at SceneFacadeManager.setNodeProperty (D:\cocos\CocosCreator-v3.8.3-oh-win-102911\resources\app.asar\builtin\scene\dist\script\3d\facade\scene-facade-manager.ccc:1:10573)
    at step (D:\cocos\CocosCreator-v3.8.3-oh-win-102911\resources\app.asar\builtin\scene\dist\script\3d\manager\ipc\web\ipc.ccc:1:732)
    at D:\cocos\CocosCreator-v3.8.3-oh-win-102911\resources\app.asar\builtin\scene\dist\script\3d\manager\ipc\web\ipc.ccc:2:401
    at new Promise (<anonymous>)
    at D:\cocos\CocosCreator-v3.8.3-oh-win-102911\resources\app.asar\builtin\scene\dist\script\3d\manager\ipc\web\ipc.ccc:2:338
2024-12-25 22:03:41 - error: [Window] panel.throttleUpdate is not a functionTypeError: panel.throttleUpdate is not a function
    at Object.set [as readyToUpdate] (D:\cocos\CocosCreator-v3.8.3-oh-win-102911\resources\resources\3d\engine\editor\inspector\contributions\node.js:598:35)
    at Object.change-dump (D:\cocos\CocosCreator-v3.8.3-oh-win-102911\resources\resources\3d\engine\editor\inspector\contributions\node.js:168:33)
