14:40:29 debug: 2024/12/30下午2:40:29
14:40:29 debug: Project: D:\cocos\badminton\badminton
14:40:29 debug: Targets: editor,preview
14:40:29 debug: Incremental file seems great.
14:40:29 debug: Engine path: D:\cocos\CocosCreator-v3.8.3-oh-win-102911\resources\resources\3d\engine
14:40:29 debug: Initializing target [Editor]
14:40:29 debug: Loading cache
14:40:29 debug: Loading cache costs 2.0190000534057617ms.
14:40:29 debug: Engine features shipped in editor: base,gfx-webgl,gfx-webgl2,gfx-empty,3d,animation,skeletal-animation,2d,ui,particle,particle-2d,physics-framework,physics-2d-framework,physics-2d-box2d-wasm,intersection-2d,primitive,profiler,occlusion-query,geometry-renderer,debug-renderer,audio,video,xr,light-probe,terrain,webview,tween,tiled-map,spine,dragon-bones,marionette,procedural-animation,custom-pipeline,websocket,websocket-server,meshopt
14:40:29 debug: Our import map(foo:/bar): {
  "imports": {
    "cc": "cce:/internal/x/cc"
  }
}
14:40:29 debug: Initializing target [Preview]
14:40:29 debug: Loading cache
14:40:29 debug: Loading cache costs 2.733199954032898ms.
14:40:29 debug: Our import map(foo:/bar): {
  "imports": {
    "cc": "cce:/internal/x/cc"
  }
}
14:40:29 debug: Sync engine features: 2d,animation,audio,base,dragon-bones,gfx-webgl,gfx-webgl2,intersection-2d,meshopt,particle-2d,physics-2d-box2d,profiler,spine,tiled-map,tween,ui,video,webview
14:40:29 debug: Reset databases. Enumerated domains: [
  {
    "root": "db://internal/",
    "physical": "D:\\cocos\\CocosCreator-v3.8.3-oh-win-102911\\resources\\resources\\3d\\engine\\editor\\assets"
  },
  {
    "root": "db://assets/",
    "physical": "D:\\cocos\\badminton\\badminton\\assets"
  }
]
14:40:29 debug: Our import map(foo:/bar): {
  "imports": {
    "cc": "cce:/internal/x/cc",
    "db://internal/": "file:///D:/cocos/CocosCreator-v3.8.3-oh-win-102911/resources/resources/3d/engine/editor/assets/",
    "db://assets/": "file:///D:/cocos/badminton/badminton/assets/"
  }
}
14:40:29 debug: Our import map(foo:/bar): {
  "imports": {
    "cc": "cce:/internal/x/cc",
    "db://internal/": "file:///D:/cocos/CocosCreator-v3.8.3-oh-win-102911/resources/resources/3d/engine/editor/assets/",
    "db://assets/": "file:///D:/cocos/badminton/badminton/assets/"
  }
}
14:40:29 debug: Pulling asset-db.
14:40:29 debug: Fetch asset-db cost: 7.615399956703186ms.
14:40:29 debug: Build iteration starts.
Number of accumulated asset changes: 5
Feature changed: false
14:40:29 debug: Target(editor) build started.
14:40:29 debug: Detected change: cce:/internal/x/cc. Last mtime: Thu Jan 01 1970 08:00:33 GMT+0800 (中国标准时间), Current mtime: Thu Jan 01 1970 08:00:26 GMT+0800 (中国标准时间)
14:40:29 debug: Inspect cce:/internal/x/cc
14:40:29 debug: Resolve cce:/internal/x/cc-fu/base from cce:/internal/x/cc as external dependency cce:/internal/x/cc-fu/base.
14:40:29 debug: Resolve cce:/internal/x/cc-fu/gfx-webgl from cce:/internal/x/cc as external dependency cce:/internal/x/cc-fu/gfx-webgl.
14:40:29 debug: Resolve cce:/internal/x/cc-fu/gfx-webgl2 from cce:/internal/x/cc as external dependency cce:/internal/x/cc-fu/gfx-webgl2.
14:40:29 debug: Resolve cce:/internal/x/cc-fu/gfx-empty from cce:/internal/x/cc as external dependency cce:/internal/x/cc-fu/gfx-empty.
14:40:29 debug: Resolve cce:/internal/x/cc-fu/3d from cce:/internal/x/cc as external dependency cce:/internal/x/cc-fu/3d.
14:40:29 debug: Resolve cce:/internal/x/cc-fu/animation from cce:/internal/x/cc as external dependency cce:/internal/x/cc-fu/animation.
14:40:29 debug: Resolve cce:/internal/x/cc-fu/skeletal-animation from cce:/internal/x/cc as external dependency cce:/internal/x/cc-fu/skeletal-animation.
14:40:29 debug: Resolve cce:/internal/x/cc-fu/2d from cce:/internal/x/cc as external dependency cce:/internal/x/cc-fu/2d.
14:40:29 debug: Resolve cce:/internal/x/cc-fu/sorting from cce:/internal/x/cc as external dependency cce:/internal/x/cc-fu/sorting.
14:40:29 debug: Resolve cce:/internal/x/cc-fu/ui from cce:/internal/x/cc as external dependency cce:/internal/x/cc-fu/ui.
14:40:29 debug: Resolve cce:/internal/x/cc-fu/particle from cce:/internal/x/cc as external dependency cce:/internal/x/cc-fu/particle.
14:40:29 debug: Resolve cce:/internal/x/cc-fu/particle-2d from cce:/internal/x/cc as external dependency cce:/internal/x/cc-fu/particle-2d.
14:40:29 debug: Resolve cce:/internal/x/cc-fu/physics-framework from cce:/internal/x/cc as external dependency cce:/internal/x/cc-fu/physics-framework.
14:40:29 debug: Resolve cce:/internal/x/cc-fu/physics-2d-framework from cce:/internal/x/cc as external dependency cce:/internal/x/cc-fu/physics-2d-framework.
14:40:29 debug: Resolve cce:/internal/x/cc-fu/physics-2d-box2d-wasm from cce:/internal/x/cc as external dependency cce:/internal/x/cc-fu/physics-2d-box2d-wasm.
14:40:29 debug: Resolve cce:/internal/x/cc-fu/intersection-2d from cce:/internal/x/cc as external dependency cce:/internal/x/cc-fu/intersection-2d.
14:40:29 debug: Resolve cce:/internal/x/cc-fu/primitive from cce:/internal/x/cc as external dependency cce:/internal/x/cc-fu/primitive.
14:40:29 debug: Resolve cce:/internal/x/cc-fu/profiler from cce:/internal/x/cc as external dependency cce:/internal/x/cc-fu/profiler.
14:40:29 debug: Resolve cce:/internal/x/cc-fu/geometry-renderer from cce:/internal/x/cc as external dependency cce:/internal/x/cc-fu/geometry-renderer.
14:40:29 debug: Resolve cce:/internal/x/cc-fu/audio from cce:/internal/x/cc as external dependency cce:/internal/x/cc-fu/audio.
14:40:29 debug: Resolve cce:/internal/x/cc-fu/video from cce:/internal/x/cc as external dependency cce:/internal/x/cc-fu/video.
14:40:29 debug: Resolve cce:/internal/x/cc-fu/xr from cce:/internal/x/cc as external dependency cce:/internal/x/cc-fu/xr.
14:40:29 debug: Resolve cce:/internal/x/cc-fu/light-probe from cce:/internal/x/cc as external dependency cce:/internal/x/cc-fu/light-probe.
14:40:29 debug: Resolve cce:/internal/x/cc-fu/terrain from cce:/internal/x/cc as external dependency cce:/internal/x/cc-fu/terrain.
14:40:29 debug: Resolve cce:/internal/x/cc-fu/webview from cce:/internal/x/cc as external dependency cce:/internal/x/cc-fu/webview.
14:40:29 debug: Resolve cce:/internal/x/cc-fu/tween from cce:/internal/x/cc as external dependency cce:/internal/x/cc-fu/tween.
14:40:29 debug: Resolve cce:/internal/x/cc-fu/tiled-map from cce:/internal/x/cc as external dependency cce:/internal/x/cc-fu/tiled-map.
14:40:29 debug: Resolve cce:/internal/x/cc-fu/spine from cce:/internal/x/cc as external dependency cce:/internal/x/cc-fu/spine.
14:40:29 debug: Resolve cce:/internal/x/cc-fu/dragon-bones from cce:/internal/x/cc as external dependency cce:/internal/x/cc-fu/dragon-bones.
14:40:29 debug: Resolve cce:/internal/x/cc-fu/custom-pipeline from cce:/internal/x/cc as external dependency cce:/internal/x/cc-fu/custom-pipeline.
14:40:29 debug: Detected change: cce:/internal/x/prerequisite-imports. Last mtime: Thu Jan 01 1970 08:00:36 GMT+0800 (中国标准时间), Current mtime: Thu Jan 01 1970 08:00:26 GMT+0800 (中国标准时间)
14:40:29 debug: Inspect cce:/internal/x/prerequisite-imports
14:40:29 debug: Resolve file:///D:/cocos/CocosCreator-v3.8.3-oh-win-102911/resources/resources/3d/engine/editor/assets/tools/debug-view-runtime-control.ts from cce:/internal/x/prerequisite-imports as file:///D:/cocos/CocosCreator-v3.8.3-oh-win-102911/resources/resources/3d/engine/editor/assets/tools/debug-view-runtime-control.ts.
14:40:29 debug: Resolve cc from file:///D:/cocos/CocosCreator-v3.8.3-oh-win-102911/resources/resources/3d/engine/editor/assets/tools/debug-view-runtime-control.ts as cce:/internal/x/cc.
14:40:29 debug: Resolve cc from file:///D:/cocos/CocosCreator-v3.8.3-oh-win-102911/resources/resources/3d/engine/editor/assets/tools/debug-view-runtime-control.ts as cce:/internal/x/cc.
14:40:29 debug: Resolve cc from file:///D:/cocos/CocosCreator-v3.8.3-oh-win-102911/resources/resources/3d/engine/editor/assets/tools/debug-view-runtime-control.ts as cce:/internal/x/cc.
14:40:29 debug: Resolve file:///D:/cocos/badminton/badminton/assets/Scripts/BossController.ts from cce:/internal/x/prerequisite-imports as file:///D:/cocos/badminton/badminton/assets/Scripts/BossController.ts.
14:40:29 debug: Resolve cc from file:///D:/cocos/badminton/badminton/assets/Scripts/BossController.ts as cce:/internal/x/cc.
14:40:29 debug: Resolve cc from file:///D:/cocos/badminton/badminton/assets/Scripts/BossController.ts as cce:/internal/x/cc.
14:40:29 debug: Resolve cc from file:///D:/cocos/badminton/badminton/assets/Scripts/BossController.ts as cce:/internal/x/cc.
14:40:29 debug: Resolve file:///D:/cocos/badminton/badminton/assets/Scripts/GameManager.ts from cce:/internal/x/prerequisite-imports as file:///D:/cocos/badminton/badminton/assets/Scripts/GameManager.ts.
14:40:29 debug: Resolve cce:/internal/code-quality/cr.mjs from file:///D:/cocos/badminton/badminton/assets/Scripts/GameManager.ts as cce:/internal/code-quality/cr.mjs.
14:40:29 debug: Detected change: cce:/internal/code-quality/cr.mjs. Last mtime: Mon Dec 30 2024 14:32:02 GMT+0800 (中国标准时间), Current mtime: Mon Dec 30 2024 14:40:03 GMT+0800 (中国标准时间)
14:40:29 debug: Inspect cce:/internal/code-quality/cr.mjs
14:40:29 debug: Resolve cc from file:///D:/cocos/badminton/badminton/assets/Scripts/GameManager.ts as cce:/internal/x/cc.
14:40:29 debug: Resolve cc from file:///D:/cocos/badminton/badminton/assets/Scripts/GameManager.ts as cce:/internal/x/cc.
14:40:29 debug: Resolve cc from file:///D:/cocos/badminton/badminton/assets/Scripts/GameManager.ts as cce:/internal/x/cc.
14:40:29 debug: Resolve ./PlayerController from file:///D:/cocos/badminton/badminton/assets/Scripts/GameManager.ts as file:///D:/cocos/badminton/badminton/assets/Scripts/PlayerController.ts.
14:40:29 debug: Resolve cc from file:///D:/cocos/badminton/badminton/assets/Scripts/PlayerController.ts as cce:/internal/x/cc.
14:40:29 debug: Resolve cc from file:///D:/cocos/badminton/badminton/assets/Scripts/PlayerController.ts as cce:/internal/x/cc.
14:40:29 debug: Resolve cc from file:///D:/cocos/badminton/badminton/assets/Scripts/PlayerController.ts as cce:/internal/x/cc.
14:40:29 debug: Resolve ./BossController from file:///D:/cocos/badminton/badminton/assets/Scripts/GameManager.ts as file:///D:/cocos/badminton/badminton/assets/Scripts/BossController.ts.
14:40:29 debug: Resolve file:///D:/cocos/badminton/badminton/assets/Scripts/MenuController.ts from cce:/internal/x/prerequisite-imports as file:///D:/cocos/badminton/badminton/assets/Scripts/MenuController.ts.
14:40:29 debug: Resolve cc from file:///D:/cocos/badminton/badminton/assets/Scripts/MenuController.ts as cce:/internal/x/cc.
14:40:29 debug: Resolve cc from file:///D:/cocos/badminton/badminton/assets/Scripts/MenuController.ts as cce:/internal/x/cc.
14:40:29 debug: Resolve cc from file:///D:/cocos/badminton/badminton/assets/Scripts/MenuController.ts as cce:/internal/x/cc.
14:40:29 debug: Resolve file:///D:/cocos/badminton/badminton/assets/Scripts/PlayerController.ts from cce:/internal/x/prerequisite-imports as file:///D:/cocos/badminton/badminton/assets/Scripts/PlayerController.ts.
14:40:29 debug: Target(editor) ends with cost 167.41400003433228ms.
14:40:29 debug: Target(preview) build started.
14:40:29 debug: Detected change: cce:/internal/x/cc. Last mtime: Thu Jan 01 1970 08:00:33 GMT+0800 (中国标准时间), Current mtime: Thu Jan 01 1970 08:00:26 GMT+0800 (中国标准时间)
14:40:29 debug: Inspect cce:/internal/x/cc
14:40:30 debug: Resolve cce:/internal/x/cc-fu/2d from cce:/internal/x/cc as external dependency cce:/internal/x/cc-fu/2d.
14:40:30 debug: Resolve cce:/internal/x/cc-fu/sorting from cce:/internal/x/cc as external dependency cce:/internal/x/cc-fu/sorting.
14:40:30 debug: Resolve cce:/internal/x/cc-fu/animation from cce:/internal/x/cc as external dependency cce:/internal/x/cc-fu/animation.
14:40:30 debug: Resolve cce:/internal/x/cc-fu/audio from cce:/internal/x/cc as external dependency cce:/internal/x/cc-fu/audio.
14:40:30 debug: Resolve cce:/internal/x/cc-fu/base from cce:/internal/x/cc as external dependency cce:/internal/x/cc-fu/base.
14:40:30 debug: Resolve cce:/internal/x/cc-fu/dragon-bones from cce:/internal/x/cc as external dependency cce:/internal/x/cc-fu/dragon-bones.
14:40:30 debug: Resolve cce:/internal/x/cc-fu/gfx-webgl from cce:/internal/x/cc as external dependency cce:/internal/x/cc-fu/gfx-webgl.
14:40:30 debug: Resolve cce:/internal/x/cc-fu/gfx-webgl2 from cce:/internal/x/cc as external dependency cce:/internal/x/cc-fu/gfx-webgl2.
14:40:30 debug: Resolve cce:/internal/x/cc-fu/intersection-2d from cce:/internal/x/cc as external dependency cce:/internal/x/cc-fu/intersection-2d.
14:40:30 debug: Resolve cce:/internal/x/cc-fu/particle-2d from cce:/internal/x/cc as external dependency cce:/internal/x/cc-fu/particle-2d.
14:40:30 debug: Resolve cce:/internal/x/cc-fu/physics-2d-box2d from cce:/internal/x/cc as external dependency cce:/internal/x/cc-fu/physics-2d-box2d.
14:40:30 debug: Resolve cce:/internal/x/cc-fu/physics-2d-framework from cce:/internal/x/cc as external dependency cce:/internal/x/cc-fu/physics-2d-framework.
14:40:30 debug: Resolve cce:/internal/x/cc-fu/profiler from cce:/internal/x/cc as external dependency cce:/internal/x/cc-fu/profiler.
14:40:30 debug: Resolve cce:/internal/x/cc-fu/spine from cce:/internal/x/cc as external dependency cce:/internal/x/cc-fu/spine.
14:40:30 debug: Resolve cce:/internal/x/cc-fu/tiled-map from cce:/internal/x/cc as external dependency cce:/internal/x/cc-fu/tiled-map.
14:40:30 debug: Resolve cce:/internal/x/cc-fu/tween from cce:/internal/x/cc as external dependency cce:/internal/x/cc-fu/tween.
14:40:30 debug: Resolve cce:/internal/x/cc-fu/ui from cce:/internal/x/cc as external dependency cce:/internal/x/cc-fu/ui.
14:40:30 debug: Resolve cce:/internal/x/cc-fu/video from cce:/internal/x/cc as external dependency cce:/internal/x/cc-fu/video.
14:40:30 debug: Resolve cce:/internal/x/cc-fu/webview from cce:/internal/x/cc as external dependency cce:/internal/x/cc-fu/webview.
14:40:30 debug: Detected change: cce:/internal/x/prerequisite-imports. Last mtime: Thu Jan 01 1970 08:00:36 GMT+0800 (中国标准时间), Current mtime: Thu Jan 01 1970 08:00:26 GMT+0800 (中国标准时间)
14:40:30 debug: Inspect cce:/internal/x/prerequisite-imports
14:40:30 debug: Resolve file:///D:/cocos/CocosCreator-v3.8.3-oh-win-102911/resources/resources/3d/engine/editor/assets/tools/debug-view-runtime-control.ts from cce:/internal/x/prerequisite-imports as file:///D:/cocos/CocosCreator-v3.8.3-oh-win-102911/resources/resources/3d/engine/editor/assets/tools/debug-view-runtime-control.ts.
14:40:30 debug: Resolve cc from file:///D:/cocos/CocosCreator-v3.8.3-oh-win-102911/resources/resources/3d/engine/editor/assets/tools/debug-view-runtime-control.ts as cce:/internal/x/cc.
14:40:30 debug: Resolve cc from file:///D:/cocos/CocosCreator-v3.8.3-oh-win-102911/resources/resources/3d/engine/editor/assets/tools/debug-view-runtime-control.ts as cce:/internal/x/cc.
14:40:30 debug: Resolve cc from file:///D:/cocos/CocosCreator-v3.8.3-oh-win-102911/resources/resources/3d/engine/editor/assets/tools/debug-view-runtime-control.ts as cce:/internal/x/cc.
14:40:30 debug: Resolve file:///D:/cocos/badminton/badminton/assets/Scripts/BossController.ts from cce:/internal/x/prerequisite-imports as file:///D:/cocos/badminton/badminton/assets/Scripts/BossController.ts.
14:40:30 debug: Resolve cc from file:///D:/cocos/badminton/badminton/assets/Scripts/BossController.ts as cce:/internal/x/cc.
14:40:30 debug: Resolve cc from file:///D:/cocos/badminton/badminton/assets/Scripts/BossController.ts as cce:/internal/x/cc.
14:40:30 debug: Resolve cc from file:///D:/cocos/badminton/badminton/assets/Scripts/BossController.ts as cce:/internal/x/cc.
14:40:30 debug: Resolve file:///D:/cocos/badminton/badminton/assets/Scripts/GameManager.ts from cce:/internal/x/prerequisite-imports as file:///D:/cocos/badminton/badminton/assets/Scripts/GameManager.ts.
14:40:30 debug: Resolve cce:/internal/code-quality/cr.mjs from file:///D:/cocos/badminton/badminton/assets/Scripts/GameManager.ts as cce:/internal/code-quality/cr.mjs.
14:40:30 debug: Detected change: cce:/internal/code-quality/cr.mjs. Last mtime: Mon Dec 30 2024 14:32:02 GMT+0800 (中国标准时间), Current mtime: Mon Dec 30 2024 14:40:03 GMT+0800 (中国标准时间)
14:40:30 debug: Inspect cce:/internal/code-quality/cr.mjs
14:40:30 debug: Resolve cc from file:///D:/cocos/badminton/badminton/assets/Scripts/GameManager.ts as cce:/internal/x/cc.
14:40:30 debug: Resolve cc from file:///D:/cocos/badminton/badminton/assets/Scripts/GameManager.ts as cce:/internal/x/cc.
14:40:30 debug: Resolve cc from file:///D:/cocos/badminton/badminton/assets/Scripts/GameManager.ts as cce:/internal/x/cc.
14:40:30 debug: Resolve ./PlayerController from file:///D:/cocos/badminton/badminton/assets/Scripts/GameManager.ts as file:///D:/cocos/badminton/badminton/assets/Scripts/PlayerController.ts.
14:40:30 debug: Resolve cc from file:///D:/cocos/badminton/badminton/assets/Scripts/PlayerController.ts as cce:/internal/x/cc.
14:40:30 debug: Resolve cc from file:///D:/cocos/badminton/badminton/assets/Scripts/PlayerController.ts as cce:/internal/x/cc.
14:40:30 debug: Resolve cc from file:///D:/cocos/badminton/badminton/assets/Scripts/PlayerController.ts as cce:/internal/x/cc.
14:40:30 debug: Resolve ./BossController from file:///D:/cocos/badminton/badminton/assets/Scripts/GameManager.ts as file:///D:/cocos/badminton/badminton/assets/Scripts/BossController.ts.
14:40:30 debug: Resolve file:///D:/cocos/badminton/badminton/assets/Scripts/MenuController.ts from cce:/internal/x/prerequisite-imports as file:///D:/cocos/badminton/badminton/assets/Scripts/MenuController.ts.
14:40:30 debug: Resolve cc from file:///D:/cocos/badminton/badminton/assets/Scripts/MenuController.ts as cce:/internal/x/cc.
14:40:30 debug: Resolve cc from file:///D:/cocos/badminton/badminton/assets/Scripts/MenuController.ts as cce:/internal/x/cc.
14:40:30 debug: Resolve cc from file:///D:/cocos/badminton/badminton/assets/Scripts/MenuController.ts as cce:/internal/x/cc.
14:40:30 debug: Resolve file:///D:/cocos/badminton/badminton/assets/Scripts/PlayerController.ts from cce:/internal/x/prerequisite-imports as file:///D:/cocos/badminton/badminton/assets/Scripts/PlayerController.ts.
14:40:30 debug: Target(preview) ends with cost 261.0448999404907ms.
14:40:30 debug: Pulling asset-db.
14:40:31 debug: Fetch asset-db cost: 794.183699965477ms.
14:40:31 debug: Build iteration starts.
Number of accumulated asset changes: 5
Feature changed: false
14:40:31 debug: Target(editor) build started.
14:40:31 debug: Detected change: cce:/internal/x/prerequisite-imports. Last mtime: Thu Jan 01 1970 08:00:26 GMT+0800 (中国标准时间), Current mtime: Thu Jan 01 1970 08:00:27 GMT+0800 (中国标准时间)
14:40:31 debug: Inspect cce:/internal/x/prerequisite-imports
14:40:31 debug: Resolve file:///D:/cocos/CocosCreator-v3.8.3-oh-win-102911/resources/resources/3d/engine/editor/assets/tools/debug-view-runtime-control.ts from cce:/internal/x/prerequisite-imports as file:///D:/cocos/CocosCreator-v3.8.3-oh-win-102911/resources/resources/3d/engine/editor/assets/tools/debug-view-runtime-control.ts.
14:40:31 debug: Resolve file:///D:/cocos/badminton/badminton/assets/Scripts/BossController.ts from cce:/internal/x/prerequisite-imports as file:///D:/cocos/badminton/badminton/assets/Scripts/BossController.ts.
14:40:31 debug: Resolve file:///D:/cocos/badminton/badminton/assets/Scripts/GameManager.ts from cce:/internal/x/prerequisite-imports as file:///D:/cocos/badminton/badminton/assets/Scripts/GameManager.ts.
14:40:31 debug: Resolve file:///D:/cocos/badminton/badminton/assets/Scripts/MenuController.ts from cce:/internal/x/prerequisite-imports as file:///D:/cocos/badminton/badminton/assets/Scripts/MenuController.ts.
14:40:31 debug: Resolve file:///D:/cocos/badminton/badminton/assets/Scripts/PlayerController.ts from cce:/internal/x/prerequisite-imports as file:///D:/cocos/badminton/badminton/assets/Scripts/PlayerController.ts.
14:40:31 debug: Target(editor) ends with cost 45.8931999206543ms.
14:40:31 debug: Target(preview) build started.
14:40:31 debug: Detected change: cce:/internal/x/prerequisite-imports. Last mtime: Thu Jan 01 1970 08:00:26 GMT+0800 (中国标准时间), Current mtime: Thu Jan 01 1970 08:00:27 GMT+0800 (中国标准时间)
14:40:31 debug: Inspect cce:/internal/x/prerequisite-imports
14:40:31 debug: Resolve file:///D:/cocos/CocosCreator-v3.8.3-oh-win-102911/resources/resources/3d/engine/editor/assets/tools/debug-view-runtime-control.ts from cce:/internal/x/prerequisite-imports as file:///D:/cocos/CocosCreator-v3.8.3-oh-win-102911/resources/resources/3d/engine/editor/assets/tools/debug-view-runtime-control.ts.
14:40:31 debug: Resolve file:///D:/cocos/badminton/badminton/assets/Scripts/BossController.ts from cce:/internal/x/prerequisite-imports as file:///D:/cocos/badminton/badminton/assets/Scripts/BossController.ts.
14:40:31 debug: Resolve file:///D:/cocos/badminton/badminton/assets/Scripts/GameManager.ts from cce:/internal/x/prerequisite-imports as file:///D:/cocos/badminton/badminton/assets/Scripts/GameManager.ts.
14:40:31 debug: Resolve file:///D:/cocos/badminton/badminton/assets/Scripts/MenuController.ts from cce:/internal/x/prerequisite-imports as file:///D:/cocos/badminton/badminton/assets/Scripts/MenuController.ts.
14:40:31 debug: Resolve file:///D:/cocos/badminton/badminton/assets/Scripts/PlayerController.ts from cce:/internal/x/prerequisite-imports as file:///D:/cocos/badminton/badminton/assets/Scripts/PlayerController.ts.
14:40:31 debug: Target(preview) ends with cost 39.94059991836548ms.
