2024-12-2 17:25:02-log: Cannot access game frame or container.
2024-12-2 17:25:02-debug: asset-db:require-engine-code (1023ms)
2024-12-2 17:25:03-log: meshopt wasm decoder initialized
2024-12-2 17:25:03-log: [box2d]:box2d wasm lib loaded.
2024-12-2 17:25:03-log: [bullet]:bullet wasm lib loaded.
2024-12-2 17:25:03-log: Cocos Creator v3.8.3
2024-12-2 17:25:03-debug: [Assets Memory track]: asset-db:worker-init: initEngine start:23.30MB, end 76.98MB, increase: 53.67MB
2024-12-2 17:25:03-debug: [Assets Memory track]: asset-db-plugin-register: programming start:78.09MB, end 80.31MB, increase: 2.22MB
2024-12-2 17:25:05-debug: [Assets Memory track]: asset-db-plugin-register: engine-extends start:174.31MB, end 176.96MB, increase: 2.65MB
2024-12-2 17:25:05-debug: [Assets Memory track]: asset-db-plugin-register: builder start:80.33MB, end 174.10MB, increase: 93.77MB
2024-12-2 17:25:05-debug: [Assets Memory track]: asset-db:worker-init: initPlugin start:76.99MB, end 177.05MB, increase: 100.06MB
2024-12-2 17:25:05-debug: [Assets Memory track]: asset-db-plugin-register: project start:77.98MB, end 177.03MB, increase: 99.05MB
2024-12-2 17:25:05-debug: run package(im-plugin) handler(enable) start
2024-12-2 17:25:05-debug: run package(im-plugin) handler(enable) success!
2024-12-2 17:25:05-debug: run package(placeholder) handler(enable) start
2024-12-2 17:25:05-debug: asset-db:worker-init: initPlugin (1659ms)
2024-12-2 17:25:05-debug: run package(placeholder) handler(enable) success!
2024-12-2 17:25:05-debug: [Assets Memory track]: asset-db:worker-init start:23.30MB, end 177.17MB, increase: 153.87MB
2024-12-2 17:25:05-debug: Run asset db hook programming:beforePreStart success!
2024-12-2 17:25:05-debug: Run asset db hook programming:beforePreStart ...
2024-12-2 17:25:05-debug: Run asset db hook engine-extends:beforePreStart ...
2024-12-2 17:25:05-debug: Run asset db hook engine-extends:beforePreStart success!
2024-12-2 17:25:05-debug: asset-db:worker-init (3685ms)
2024-12-2 17:25:05-debug: asset-db-hook-programming-beforePreStart (85ms)
2024-12-2 17:25:05-debug: asset-db-hook-engine-extends-beforePreStart (85ms)
2024-12-2 17:25:05-debug: Preimport db internal success
2024-12-2 17:25:05-debug: Run asset db hook programming:afterPreStart ...
2024-12-2 17:25:05-debug: starting packer-driver...
2024-12-2 17:25:05-debug: Preimport db assets success
2024-12-2 17:25:05-debug: initialize scripting environment...
2024-12-2 17:25:05-debug: Run asset db hook programming:afterPreStart success!
2024-12-2 17:25:05-debug: Set detail map pack:///resolution-detail-map.json: {}
2024-12-2 17:25:05-debug: Run asset db hook engine-extends:afterPreStart success!
2024-12-2 17:25:05-debug: Run asset db hook engine-extends:afterPreStart ...
2024-12-2 17:25:05-debug: Start up the 'internal' database...
2024-12-2 17:25:06-debug: asset-db-hook-programming-afterPreStart (610ms)
2024-12-2 17:25:06-debug: asset-db:worker-effect-data-processing (289ms)
2024-12-2 17:25:06-debug: asset-db-hook-engine-extends-afterPreStart (290ms)
2024-12-2 17:25:06-debug: [Assets Memory track]: asset-db:worker-startup-database[internal] start:177.22MB, end 188.63MB, increase: 11.41MB
2024-12-2 17:25:06-debug: Start up the 'assets' database...
2024-12-2 17:25:06-debug: asset-db:worker-startup-database[internal] (819ms)
2024-12-2 17:25:06-debug: [Assets Memory track]: asset-db:worker-startup-database[assets] start:175.55MB, end 188.96MB, increase: 13.41MB
2024-12-2 17:25:06-debug: lazy register asset handler *
2024-12-2 17:25:06-debug: [Assets Memory track]: asset-db:worker-init: startup start:176.14MB, end 188.97MB, increase: 12.82MB
2024-12-2 17:25:06-debug: lazy register asset handler spine-data
2024-12-2 17:25:06-debug: lazy register asset handler dragonbones
2024-12-2 17:25:06-debug: lazy register asset handler json
2024-12-2 17:25:06-debug: lazy register asset handler dragonbones-atlas
2024-12-2 17:25:06-debug: lazy register asset handler terrain
2024-12-2 17:25:06-debug: lazy register asset handler javascript
2024-12-2 17:25:06-debug: lazy register asset handler typescript
2024-12-2 17:25:06-debug: lazy register asset handler text
2024-12-2 17:25:06-debug: lazy register asset handler prefab
2024-12-2 17:25:06-debug: lazy register asset handler sprite-frame
2024-12-2 17:25:06-debug: lazy register asset handler tiled-map
2024-12-2 17:25:06-debug: lazy register asset handler image
2024-12-2 17:25:06-debug: lazy register asset handler buffer
2024-12-2 17:25:06-debug: lazy register asset handler sign-image
2024-12-2 17:25:06-debug: lazy register asset handler alpha-image
2024-12-2 17:25:06-debug: lazy register asset handler texture
2024-12-2 17:25:06-debug: lazy register asset handler directory
2024-12-2 17:25:06-debug: lazy register asset handler texture-cube
2024-12-2 17:25:06-debug: lazy register asset handler erp-texture-cube
2024-12-2 17:25:06-debug: lazy register asset handler texture-cube-face
2024-12-2 17:25:06-debug: lazy register asset handler scene
2024-12-2 17:25:06-debug: lazy register asset handler render-texture
2024-12-2 17:25:06-debug: lazy register asset handler rt-sprite-frame
2024-12-2 17:25:06-debug: lazy register asset handler gltf
2024-12-2 17:25:06-debug: lazy register asset handler gltf-mesh
2024-12-2 17:25:06-debug: lazy register asset handler gltf-skeleton
2024-12-2 17:25:06-debug: lazy register asset handler gltf-animation
2024-12-2 17:25:06-debug: lazy register asset handler gltf-scene
2024-12-2 17:25:06-debug: lazy register asset handler gltf-material
2024-12-2 17:25:06-debug: lazy register asset handler material
2024-12-2 17:25:06-debug: lazy register asset handler gltf-embeded-image
2024-12-2 17:25:06-debug: lazy register asset handler effect
2024-12-2 17:25:06-debug: lazy register asset handler effect-header
2024-12-2 17:25:06-debug: lazy register asset handler physics-material
2024-12-2 17:25:06-debug: lazy register asset handler audio-clip
2024-12-2 17:25:06-debug: lazy register asset handler animation-clip
2024-12-2 17:25:06-debug: lazy register asset handler animation-graph
2024-12-2 17:25:06-debug: lazy register asset handler animation-graph-variant
2024-12-2 17:25:06-debug: lazy register asset handler ttf-font
2024-12-2 17:25:06-debug: lazy register asset handler bitmap-font
2024-12-2 17:25:06-debug: lazy register asset handler animation-mask
2024-12-2 17:25:06-debug: lazy register asset handler fbx
2024-12-2 17:25:06-debug: lazy register asset handler particle
2024-12-2 17:25:06-debug: lazy register asset handler sprite-atlas
2024-12-2 17:25:06-debug: lazy register asset handler auto-atlas
2024-12-2 17:25:06-debug: lazy register asset handler label-atlas
2024-12-2 17:25:06-debug: lazy register asset handler render-stage
2024-12-2 17:25:06-debug: lazy register asset handler instantiation-material
2024-12-2 17:25:06-debug: lazy register asset handler render-pipeline
2024-12-2 17:25:06-debug: lazy register asset handler instantiation-mesh
2024-12-2 17:25:06-debug: lazy register asset handler instantiation-skeleton
2024-12-2 17:25:06-debug: lazy register asset handler instantiation-animation
2024-12-2 17:25:06-debug: lazy register asset handler video-clip
2024-12-2 17:25:06-debug: lazy register asset handler render-flow
2024-12-2 17:25:06-debug: asset-db:worker-startup-database[assets] (730ms)
2024-12-2 17:25:06-debug: asset-db:ready (7491ms)
2024-12-2 17:25:06-debug: asset-db:start-database (870ms)
2024-12-2 17:25:06-debug: init worker message success
2024-12-2 17:25:06-debug: [Build Memory track]: builder:worker-init start:186.84MB, end 201.21MB, increase: 14.38MB
2024-12-2 17:25:06-debug: programming:execute-script (3ms)
2024-12-2 17:25:06-debug: builder:worker-init (532ms)
2024-12-2 17:26:43-debug: refresh db internal success
2024-12-2 17:26:43-debug: refresh db assets success
2024-12-2 17:26:43-debug: Run asset db hook engine-extends:afterRefresh ...
2024-12-2 17:26:43-debug: Run asset db hook engine-extends:afterRefresh success!
2024-12-2 17:26:43-debug: asset-db:refresh-all-database (70ms)
2024-12-2 17:26:53-debug: refresh db internal success
2024-12-2 17:26:53-debug: refresh db assets success
2024-12-2 17:26:53-debug: Run asset db hook engine-extends:afterRefresh ...
2024-12-2 17:26:53-debug: Run asset db hook engine-extends:afterRefresh success!
2024-12-2 17:26:53-debug: asset-db:refresh-all-database (68ms)
2024-12-2 17:27:04-debug: Query all assets info in project
2024-12-2 17:27:04-debug: init custom config: keepNodeUuid: false, useCache: true
2024-12-2 17:27:04-debug: 查询 Asset Bundle start, progress: 0%
2024-12-2 17:27:04-debug: // ---- build task 查询 Asset Bundle ----
2024-12-2 17:27:04-debug: Query preload assets from cc.config.json: 60f7195c-ec2a-45eb-ba94-8955f60e81d0,1c02ae6f-4492-4915-b8f8-7492a3b1e4cd,810e96e4-e456-4468-9b59-f4e8f39732c0,efe8e2a3-eace-427b-b4f1-cb8a937ec77d,e9aa9a3e-5b2b-4ac7-a2c7-073de2b2b24f,8bbdbcdd-5cd4-4100-b6d5-b7c9625b6107,50f4348b-c883-4e2f-8f11-ce233b859fa1,fda095cb-831d-4601-ad94-846013963de8,f92806d7-1768-443f-afe8-12bcde84d0f0,dd3a144d-ab7f-41f0-82b8-2e43a090d496,f0416e68-0200-4b77-a926-4f9d16e494da,970b0598-bcb0-4714-91fb-2e81440dccd8,bcd64cc6-2dd9-43f6-abbe-66318d332032,d930590d-bb92-4cc8-8bd1-23cd027f9edf,a3cd009f-0ab0-420d-9278-b9fdab939bbc,c27215d8-6835-4b68-bfbb-bdeac6100c04,b5d6115f-0370-4d7c-aad3-c194cc71cf98,871c3b6c-7379-419d-bda3-794b239ab90d
2024-12-2 17:27:04-debug:   Number of other assets: 327
2024-12-2 17:27:04-debug:   Number of all scripts: 1
2024-12-2 17:27:04-debug:   Number of all scenes: 1
2024-12-2 17:27:04-debug: // ---- build task 查询 Asset Bundle ---- (3ms)
2024-12-2 17:27:04-debug: run build task 查询 Asset Bundle success in 3 ms√, progress: 5%
2024-12-2 17:27:04-debug: [Build Memory track]: 查询 Asset Bundle start:167.74MB, end 168.22MB, increase: 494.51KB
2024-12-2 17:27:04-debug: 查询 Asset Bundle start, progress: 5%
2024-12-2 17:27:04-debug: // ---- build task 查询 Asset Bundle ----
2024-12-2 17:27:04-debug: run build task 查询 Asset Bundle success in √, progress: 10%
2024-12-2 17:27:04-debug: [Build Memory track]: 查询 Asset Bundle start:168.23MB, end 168.30MB, increase: 69.61KB
2024-12-2 17:27:04-debug: 整理部分构建选项内数据到 settings.json start, progress: 10%
2024-12-2 17:27:04-debug: // ---- build task 整理部分构建选项内数据到 settings.json ----
2024-12-2 17:27:04-debug: run build task 整理部分构建选项内数据到 settings.json success in √, progress: 12%
2024-12-2 17:27:04-debug: [Build Memory track]: 整理部分构建选项内数据到 settings.json start:168.32MB, end 168.33MB, increase: 12.53KB
2024-12-2 17:27:04-debug: // ---- build task 填充脚本数据到 settings.json ----
2024-12-2 17:27:04-debug: 填充脚本数据到 settings.json start, progress: 12%
2024-12-2 17:27:04-debug: run build task 填充脚本数据到 settings.json success in √, progress: 13%
2024-12-2 17:27:04-debug: [Build Memory track]: 填充脚本数据到 settings.json start:168.34MB, end 168.36MB, increase: 12.28KB
2024-12-2 17:27:04-debug: 整理部分构建选项内数据到 settings.json start, progress: 13%
2024-12-2 17:27:04-debug: // ---- build task 整理部分构建选项内数据到 settings.json ----
2024-12-2 17:27:04-debug: // ---- build task 整理部分构建选项内数据到 settings.json ---- (11ms)
2024-12-2 17:27:04-debug: run build task 整理部分构建选项内数据到 settings.json success in 11 ms√, progress: 15%
2024-12-2 17:27:04-debug: [Build Memory track]: 整理部分构建选项内数据到 settings.json start:168.37MB, end 167.80MB, increase: -589.11KB
2024-12-2 17:27:05-debug: refresh db internal success
2024-12-2 17:27:05-debug: Run asset db hook engine-extends:afterRefresh ...
2024-12-2 17:27:05-debug: Run asset db hook engine-extends:afterRefresh success!
2024-12-2 17:27:05-debug: refresh db assets success
2024-12-2 17:27:05-debug: asset-db:refresh-all-database (61ms)
2024-12-2 17:27:05-debug: asset-db-hook-engine-extends-afterRefresh (1ms)
2024-12-2 17:27:18-debug: start refresh asset from D:\cocos\badminton\badminton\assets\scene.scene...
2024-12-2 17:27:18-debug: %cImport%c: D:\cocos\badminton\badminton\assets\scene.scenebackground: #aaff85; color: #000;color: #000;
2024-12-2 17:27:18-debug: refresh asset D:\cocos\badminton\badminton\assets success
2024-12-2 17:30:07-debug: refresh db internal success
2024-12-2 17:30:07-debug: refresh db assets success
2024-12-2 17:30:07-debug: Run asset db hook engine-extends:afterRefresh ...
2024-12-2 17:30:07-debug: Run asset db hook engine-extends:afterRefresh success!
2024-12-2 17:30:07-debug: asset-db:refresh-all-database (228ms)
2024-12-2 17:30:07-debug: asset-db:worker-effect-data-processing (2ms)
2024-12-2 17:30:07-debug: asset-db-hook-engine-extends-afterRefresh (2ms)
2024-12-2 17:30:14-debug: refresh db internal success
2024-12-2 17:30:14-debug: refresh db assets success
2024-12-2 17:30:14-debug: Run asset db hook engine-extends:afterRefresh ...
2024-12-2 17:30:14-debug: Run asset db hook engine-extends:afterRefresh success!
2024-12-2 17:30:14-debug: asset-db:refresh-all-database (56ms)
2024-12-2 17:30:14-debug: asset-db-hook-engine-extends-afterRefresh (1ms)
2024-12-2 17:30:14-debug: asset-db:worker-effect-data-processing (1ms)
2024-12-2 17:30:22-debug: refresh db internal success
2024-12-2 17:30:22-debug: refresh db assets success
2024-12-2 17:30:22-debug: Run asset db hook engine-extends:afterRefresh ...
2024-12-2 17:30:22-debug: Run asset db hook engine-extends:afterRefresh success!
2024-12-2 17:30:22-debug: asset-db:refresh-all-database (58ms)
2024-12-2 17:30:22-debug: asset-db-hook-engine-extends-afterRefresh (1ms)
2024-12-2 17:30:22-debug: asset-db:worker-effect-data-processing (1ms)
2024-12-2 17:30:29-debug: refresh db internal success
2024-12-2 17:30:29-debug: refresh db assets success
2024-12-2 17:30:29-debug: Run asset db hook engine-extends:afterRefresh ...
2024-12-2 17:30:29-debug: Run asset db hook engine-extends:afterRefresh success!
2024-12-2 17:30:29-debug: asset-db:refresh-all-database (46ms)
2024-12-2 17:30:29-debug: asset-db-hook-engine-extends-afterRefresh (1ms)
2024-12-2 17:30:29-debug: asset-db:worker-effect-data-processing (1ms)
2024-12-2 17:30:54-debug: refresh db internal success
2024-12-2 17:30:54-debug: refresh db assets success
2024-12-2 17:30:54-debug: Run asset db hook engine-extends:afterRefresh ...
2024-12-2 17:30:54-debug: Run asset db hook engine-extends:afterRefresh success!
2024-12-2 17:30:54-debug: asset-db:refresh-all-database (47ms)
2024-12-2 17:30:54-debug: asset-db:worker-effect-data-processing (1ms)
2024-12-2 17:30:54-debug: asset-db-hook-engine-extends-afterRefresh (1ms)
