2024-12-14 19:32:42-log: Cannot access game frame or container.
2024-12-14 19:32:43-debug: asset-db:require-engine-code (1064ms)
2024-12-14 19:32:43-log: meshopt wasm decoder initialized
2024-12-14 19:32:43-log: [box2d]:box2d wasm lib loaded.
2024-12-14 19:32:43-log: [bullet]:bullet wasm lib loaded.
2024-12-14 19:32:43-log: Cocos Creator v3.8.3
2024-12-14 19:32:44-debug: [Assets Memory track]: asset-db:worker-init: initEngine start:23.24MB, end 77.13MB, increase: 53.89MB
2024-12-14 19:32:46-debug: [Assets Memory track]: asset-db-plugin-register: engine-extends start:151.98MB, end 154.91MB, increase: 2.93MB
2024-12-14 19:32:46-debug: [Assets Memory track]: asset-db-plugin-register: builder start:80.45MB, end 159.33MB, increase: 78.88MB
2024-12-14 19:32:46-debug: [Assets Memory track]: asset-db:worker-init: initPlugin start:77.14MB, end 154.99MB, increase: 77.86MB
2024-12-14 19:32:44-debug: [Assets Memory track]: asset-db-plugin-register: programming start:78.11MB, end 80.43MB, increase: 2.32MB
2024-12-14 19:32:46-debug: [Assets Memory track]: asset-db-plugin-register: project start:77.99MB, end 154.97MB, increase: 76.98MB
2024-12-14 19:32:46-debug: run package(im-plugin) handler(enable) start
2024-12-14 19:32:46-debug: run package(im-plugin) handler(enable) success!
2024-12-14 19:32:46-debug: run package(placeholder) handler(enable) start
2024-12-14 19:32:46-debug: run package(placeholder) handler(enable) success!
2024-12-14 19:32:46-debug: asset-db:worker-init: initPlugin (1935ms)
2024-12-14 19:32:46-debug: [Assets Memory track]: asset-db:worker-init start:23.23MB, end 155.21MB, increase: 131.98MB
2024-12-14 19:32:46-debug: Run asset db hook programming:beforePreStart success!
2024-12-14 19:32:46-debug: Run asset db hook programming:beforePreStart ...
2024-12-14 19:32:46-debug: Run asset db hook engine-extends:beforePreStart ...
2024-12-14 19:32:46-debug: Run asset db hook engine-extends:beforePreStart success!
2024-12-14 19:32:46-debug: asset-db:worker-init (4257ms)
2024-12-14 19:32:46-debug: asset-db-hook-programming-beforePreStart (96ms)
2024-12-14 19:32:46-debug: asset-db-hook-engine-extends-beforePreStart (96ms)
2024-12-14 19:32:46-debug: Preimport db internal success
2024-12-14 19:32:46-debug: Preimport db assets success
2024-12-14 19:32:46-debug: Run asset db hook programming:afterPreStart ...
2024-12-14 19:32:46-debug: starting packer-driver...
2024-12-14 19:32:46-debug: initialize scripting environment...
2024-12-14 19:32:46-debug: Set detail map pack:///resolution-detail-map.json: {}
2024-12-14 19:32:46-debug: Run asset db hook programming:afterPreStart success!
2024-12-14 19:32:46-debug: Run asset db hook engine-extends:afterPreStart ...
2024-12-14 19:32:46-debug: Run asset db hook engine-extends:afterPreStart success!
2024-12-14 19:32:46-debug: Start up the 'internal' database...
2024-12-14 19:32:46-debug: asset-db-hook-programming-afterPreStart (557ms)
2024-12-14 19:32:46-debug: asset-db:worker-effect-data-processing (275ms)
2024-12-14 19:32:46-debug: asset-db-hook-engine-extends-afterPreStart (275ms)
2024-12-14 19:32:46-debug: Start up the 'assets' database...
2024-12-14 19:32:46-debug: [Assets Memory track]: asset-db:worker-startup-database[internal] start:155.26MB, end 168.07MB, increase: 12.81MB
2024-12-14 19:32:47-debug: asset-db:worker-startup-database[internal] (769ms)
2024-12-14 19:32:47-debug: %cImport%c: D:\cocos\badminton\badminton\assets\scene.scenebackground: #aaff85; color: #000;color: #000;
2024-12-14 19:32:47-debug: [Assets Memory track]: asset-db:worker-startup-database[assets] start:155.07MB, end 168.94MB, increase: 13.87MB
2024-12-14 19:32:47-debug: [Assets Memory track]: asset-db:worker-init: startup start:155.75MB, end 168.95MB, increase: 13.20MB
2024-12-14 19:32:47-debug: lazy register asset handler *
2024-12-14 19:32:47-debug: lazy register asset handler text
2024-12-14 19:32:47-debug: lazy register asset handler directory
2024-12-14 19:32:47-debug: lazy register asset handler spine-data
2024-12-14 19:32:47-debug: lazy register asset handler json
2024-12-14 19:32:47-debug: lazy register asset handler dragonbones
2024-12-14 19:32:47-debug: lazy register asset handler dragonbones-atlas
2024-12-14 19:32:47-debug: lazy register asset handler terrain
2024-12-14 19:32:47-debug: lazy register asset handler javascript
2024-12-14 19:32:47-debug: lazy register asset handler prefab
2024-12-14 19:32:47-debug: lazy register asset handler scene
2024-12-14 19:32:47-debug: lazy register asset handler typescript
2024-12-14 19:32:47-debug: lazy register asset handler buffer
2024-12-14 19:32:47-debug: lazy register asset handler sprite-frame
2024-12-14 19:32:47-debug: lazy register asset handler sign-image
2024-12-14 19:32:47-debug: lazy register asset handler image
2024-12-14 19:32:47-debug: lazy register asset handler alpha-image
2024-12-14 19:32:47-debug: lazy register asset handler tiled-map
2024-12-14 19:32:47-debug: lazy register asset handler texture
2024-12-14 19:32:47-debug: lazy register asset handler texture-cube
2024-12-14 19:32:47-debug: lazy register asset handler erp-texture-cube
2024-12-14 19:32:47-debug: lazy register asset handler texture-cube-face
2024-12-14 19:32:47-debug: lazy register asset handler rt-sprite-frame
2024-12-14 19:32:47-debug: lazy register asset handler gltf
2024-12-14 19:32:47-debug: lazy register asset handler gltf-mesh
2024-12-14 19:32:47-debug: lazy register asset handler render-texture
2024-12-14 19:32:47-debug: lazy register asset handler gltf-animation
2024-12-14 19:32:47-debug: lazy register asset handler gltf-material
2024-12-14 19:32:47-debug: lazy register asset handler gltf-scene
2024-12-14 19:32:47-debug: lazy register asset handler gltf-skeleton
2024-12-14 19:32:47-debug: lazy register asset handler gltf-embeded-image
2024-12-14 19:32:47-debug: lazy register asset handler fbx
2024-12-14 19:32:47-debug: lazy register asset handler material
2024-12-14 19:32:47-debug: lazy register asset handler physics-material
2024-12-14 19:32:47-debug: lazy register asset handler audio-clip
2024-12-14 19:32:47-debug: lazy register asset handler effect
2024-12-14 19:32:47-debug: lazy register asset handler animation-clip
2024-12-14 19:32:47-debug: lazy register asset handler animation-graph-variant
2024-12-14 19:32:47-debug: lazy register asset handler effect-header
2024-12-14 19:32:47-debug: lazy register asset handler animation-mask
2024-12-14 19:32:47-debug: lazy register asset handler animation-graph
2024-12-14 19:32:47-debug: lazy register asset handler particle
2024-12-14 19:32:47-debug: lazy register asset handler bitmap-font
2024-12-14 19:32:47-debug: lazy register asset handler sprite-atlas
2024-12-14 19:32:47-debug: lazy register asset handler auto-atlas
2024-12-14 19:32:47-debug: lazy register asset handler label-atlas
2024-12-14 19:32:47-debug: lazy register asset handler render-pipeline
2024-12-14 19:32:47-debug: lazy register asset handler render-flow
2024-12-14 19:32:47-debug: lazy register asset handler render-stage
2024-12-14 19:32:47-debug: lazy register asset handler instantiation-material
2024-12-14 19:32:47-debug: lazy register asset handler ttf-font
2024-12-14 19:32:47-debug: lazy register asset handler instantiation-skeleton
2024-12-14 19:32:47-debug: lazy register asset handler instantiation-animation
2024-12-14 19:32:47-debug: lazy register asset handler instantiation-mesh
2024-12-14 19:32:47-debug: lazy register asset handler video-clip
2024-12-14 19:32:47-debug: asset-db:worker-startup-database[assets] (654ms)
2024-12-14 19:32:47-debug: asset-db:start-database (810ms)
2024-12-14 19:32:47-debug: asset-db:ready (7713ms)
2024-12-14 19:32:47-debug: init worker message success
2024-12-14 19:32:47-debug: programming:execute-script (3ms)
2024-12-14 19:32:47-debug: [Build Memory track]: builder:worker-init start:166.36MB, end 180.95MB, increase: 14.59MB
2024-12-14 19:32:47-debug: builder:worker-init (539ms)
