2024-12-17 14:26:27-log: Cannot access game frame or container.
2024-12-17 14:26:31-debug: asset-db:require-engine-code (4606ms)
2024-12-17 14:26:31-log: meshopt wasm decoder initialized
2024-12-17 14:26:31-log: [bullet]:bullet wasm lib loaded.
2024-12-17 14:26:32-log: [box2d]:box2d wasm lib loaded.
2024-12-17 14:26:32-log: Cocos Creator v3.8.3
2024-12-17 14:26:32-debug: [Assets Memory track]: asset-db:worker-init: initEngine start:19.44MB, end 76.29MB, increase: 56.85MB
2024-12-17 14:26:33-debug: [Assets Memory track]: asset-db-plugin-register: engine-extends start:170.79MB, end 173.74MB, increase: 2.95MB
2024-12-17 14:26:33-debug: [Assets Memory track]: asset-db-plugin-register: builder start:79.50MB, end 170.59MB, increase: 91.10MB
2024-12-17 14:26:32-debug: [Assets Memory track]: asset-db-plugin-register: programming start:77.42MB, end 79.48MB, increase: 2.06MB
2024-12-17 14:26:33-debug: [Assets Memory track]: asset-db-plugin-register: project start:77.30MB, end 173.77MB, increase: 96.47MB
2024-12-17 14:26:33-debug: [Assets Memory track]: asset-db:worker-init: initPlugin start:76.29MB, end 166.46MB, increase: 90.17MB
2024-12-17 14:26:33-debug: asset-db:worker-init: initPlugin (1452ms)
2024-12-17 14:26:33-debug: [Assets Memory track]: asset-db:worker-init start:19.43MB, end 166.52MB, increase: 147.09MB
2024-12-17 14:26:33-debug: Run asset db hook programming:beforePreStart ...
2024-12-17 14:26:33-debug: Run asset db hook programming:beforePreStart success!
2024-12-17 14:26:33-debug: Run asset db hook engine-extends:beforePreStart ...
2024-12-17 14:26:33-debug: Run asset db hook engine-extends:beforePreStart success!
2024-12-17 14:26:36-debug: asset-db:worker-init (9485ms)
2024-12-17 14:26:36-debug: asset-db-hook-programming-beforePreStart (2951ms)
2024-12-17 14:26:36-debug: asset-db-hook-engine-extends-beforePreStart (2950ms)
2024-12-17 14:26:38-debug: Preimport db internal success
2024-12-17 14:26:38-debug: Preimport db assets success
2024-12-17 14:26:38-debug: Run asset db hook programming:afterPreStart ...
2024-12-17 14:26:38-debug: starting packer-driver...
2024-12-17 14:26:38-debug: initialize scripting environment...
2024-12-17 14:26:38-debug: Set detail map pack:///resolution-detail-map.json: {}
2024-12-17 14:26:38-debug: Run asset db hook programming:afterPreStart success!
2024-12-17 14:26:38-debug: Run asset db hook engine-extends:afterPreStart ...
2024-12-17 14:26:38-debug: Run asset db hook engine-extends:afterPreStart success!
2024-12-17 14:26:38-debug: [Assets Memory track]: asset-db:worker-init: preStart start:166.53MB, end 172.76MB, increase: 6.23MB
2024-12-17 14:26:38-debug: Start up the 'internal' database...
2024-12-17 14:26:40-debug: asset-db-hook-programming-afterPreStart (2033ms)
2024-12-17 14:26:40-debug: asset-db-hook-engine-extends-afterPreStart (1692ms)
2024-12-17 14:26:40-debug: asset-db:worker-effect-data-processing (1691ms)
2024-12-17 14:26:40-debug: Start up the 'assets' database...
2024-12-17 14:26:40-debug: asset-db:worker-startup-database[internal] (6970ms)
2024-12-17 14:26:40-debug: lazy register asset handler *
2024-12-17 14:26:40-debug: lazy register asset handler text
2024-12-17 14:26:40-debug: lazy register asset handler json
2024-12-17 14:26:40-debug: lazy register asset handler spine-data
2024-12-17 14:26:40-debug: lazy register asset handler dragonbones
2024-12-17 14:26:40-debug: lazy register asset handler dragonbones-atlas
2024-12-17 14:26:40-debug: lazy register asset handler terrain
2024-12-17 14:26:40-debug: lazy register asset handler javascript
2024-12-17 14:26:40-debug: lazy register asset handler typescript
2024-12-17 14:26:40-debug: lazy register asset handler scene
2024-12-17 14:26:40-debug: lazy register asset handler prefab
2024-12-17 14:26:40-debug: lazy register asset handler sprite-frame
2024-12-17 14:26:40-debug: lazy register asset handler buffer
2024-12-17 14:26:40-debug: lazy register asset handler tiled-map
2024-12-17 14:26:40-debug: lazy register asset handler sign-image
2024-12-17 14:26:40-debug: lazy register asset handler directory
2024-12-17 14:26:40-debug: lazy register asset handler alpha-image
2024-12-17 14:26:40-debug: lazy register asset handler texture-cube
2024-12-17 14:26:40-debug: lazy register asset handler image
2024-12-17 14:26:40-debug: lazy register asset handler erp-texture-cube
2024-12-17 14:26:40-debug: lazy register asset handler texture-cube-face
2024-12-17 14:26:40-debug: lazy register asset handler texture
2024-12-17 14:26:40-debug: lazy register asset handler rt-sprite-frame
2024-12-17 14:26:40-debug: lazy register asset handler render-texture
2024-12-17 14:26:40-debug: lazy register asset handler gltf
2024-12-17 14:26:40-debug: lazy register asset handler gltf-animation
2024-12-17 14:26:40-debug: lazy register asset handler gltf-material
2024-12-17 14:26:40-debug: lazy register asset handler gltf-mesh
2024-12-17 14:26:40-debug: lazy register asset handler gltf-scene
2024-12-17 14:26:40-debug: lazy register asset handler gltf-embeded-image
2024-12-17 14:26:40-debug: lazy register asset handler material
2024-12-17 14:26:40-debug: lazy register asset handler gltf-skeleton
2024-12-17 14:26:40-debug: lazy register asset handler physics-material
2024-12-17 14:26:40-debug: lazy register asset handler effect-header
2024-12-17 14:26:40-debug: lazy register asset handler fbx
2024-12-17 14:26:40-debug: lazy register asset handler effect
2024-12-17 14:26:40-debug: lazy register asset handler animation-graph
2024-12-17 14:26:40-debug: lazy register asset handler animation-graph-variant
2024-12-17 14:26:40-debug: lazy register asset handler animation-clip
2024-12-17 14:26:40-debug: lazy register asset handler animation-mask
2024-12-17 14:26:40-debug: lazy register asset handler ttf-font
2024-12-17 14:26:40-debug: lazy register asset handler bitmap-font
2024-12-17 14:26:40-debug: lazy register asset handler particle
2024-12-17 14:26:40-debug: lazy register asset handler sprite-atlas
2024-12-17 14:26:40-debug: lazy register asset handler audio-clip
2024-12-17 14:26:40-debug: lazy register asset handler label-atlas
2024-12-17 14:26:40-debug: lazy register asset handler render-pipeline
2024-12-17 14:26:40-debug: lazy register asset handler render-flow
2024-12-17 14:26:40-debug: lazy register asset handler render-stage
2024-12-17 14:26:40-debug: lazy register asset handler instantiation-material
2024-12-17 14:26:40-debug: lazy register asset handler instantiation-skeleton
2024-12-17 14:26:40-debug: lazy register asset handler instantiation-mesh
2024-12-17 14:26:40-debug: lazy register asset handler instantiation-animation
2024-12-17 14:26:40-debug: lazy register asset handler auto-atlas
2024-12-17 14:26:40-debug: lazy register asset handler video-clip
2024-12-17 14:26:40-debug: asset-db:worker-startup-database[assets] (2291ms)
2024-12-17 14:26:40-debug: asset-db:ready (26317ms)
2024-12-17 14:26:40-debug: asset-db:start-database (7010ms)
2024-12-17 14:26:40-debug: init worker message success
2024-12-17 14:26:40-debug: programming:execute-script (3ms)
2024-12-17 14:26:42-debug: [Build Memory track]: builder:worker-init start:159.07MB, end 173.67MB, increase: 14.59MB
2024-12-17 14:26:42-debug: builder:worker-init (1605ms)
