2024-12-2 17:09:10-log: Cannot access game frame or container.
2024-12-2 17:09:21-debug: asset-db:require-engine-code (13110ms)
2024-12-2 17:09:22-log: meshopt wasm decoder initialized
2024-12-2 17:09:22-log: [bullet]:bullet wasm lib loaded.
2024-12-2 17:09:23-log: [box2d]:box2d wasm lib loaded.
2024-12-2 17:09:24-log: Cocos Creator v3.8.3
2024-12-2 17:09:24-debug: [Assets Memory track]: asset-db:worker-init: initEngine start:24.49MB, end 77.01MB, increase: 52.51MB
2024-12-2 17:09:26-debug: [Assets Memory track]: asset-db-plugin-register: programming start:77.20MB, end 79.02MB, increase: 1.82MB
2024-12-2 17:09:30-debug: [Assets Memory track]: asset-db-plugin-register: builder start:79.04MB, end 167.96MB, increase: 88.92MB
2024-12-2 17:09:30-debug: [Assets Memory track]: asset-db:worker-init: initPlugin start:77.01MB, end 171.17MB, increase: 94.15MB
2024-12-2 17:09:30-debug: [Assets Memory track]: asset-db-plugin-register: project start:77.97MB, end 171.15MB, increase: 93.18MB
2024-12-2 17:09:30-debug: [Assets Memory track]: asset-db-plugin-register: engine-extends start:168.16MB, end 171.08MB, increase: 2.92MB
2024-12-2 17:09:30-debug: asset-db:worker-init: initPlugin (6242ms)
2024-12-2 17:09:30-debug: [Assets Memory track]: asset-db:worker-init start:24.49MB, end 171.23MB, increase: 146.75MB
2024-12-2 17:09:30-debug: Run asset db hook programming:beforePreStart ...
2024-12-2 17:09:30-debug: Run asset db hook programming:beforePreStart success!
2024-12-2 17:09:30-debug: Run asset db hook engine-extends:beforePreStart ...
2024-12-2 17:09:30-debug: Run asset db hook engine-extends:beforePreStart success!
2024-12-2 17:09:34-debug: asset-db:worker-init (25915ms)
2024-12-2 17:09:34-debug: asset-db-hook-programming-beforePreStart (4184ms)
2024-12-2 17:09:34-debug: asset-db-hook-engine-extends-beforePreStart (4184ms)
2024-12-2 17:09:37-debug: Preimport db internal success
2024-12-2 17:09:37-debug: Run asset db hook programming:afterPreStart ...
2024-12-2 17:09:37-debug: Preimport db assets success
2024-12-2 17:09:37-debug: starting packer-driver...
2024-12-2 17:09:38-debug: initialize scripting environment...
2024-12-2 17:09:38-debug: Set detail map pack:///resolution-detail-map.json: {}
2024-12-2 17:09:38-debug: Run asset db hook programming:afterPreStart success!
2024-12-2 17:09:38-debug: Run asset db hook engine-extends:afterPreStart ...
2024-12-2 17:09:38-debug: Run asset db hook engine-extends:afterPreStart success!
2024-12-2 17:09:38-debug: Start up the 'internal' database...
2024-12-2 17:09:40-debug: asset-db-hook-programming-afterPreStart (3312ms)
2024-12-2 17:09:40-debug: asset-db:worker-effect-data-processing (2328ms)
2024-12-2 17:09:40-debug: asset-db-hook-engine-extends-afterPreStart (2329ms)
2024-12-2 17:09:40-debug: Start up the 'assets' database...
2024-12-2 17:09:40-debug: asset-db:worker-startup-database[internal] (10272ms)
2024-12-2 17:09:40-debug: lazy register asset handler *
2024-12-2 17:09:40-debug: lazy register asset handler directory
2024-12-2 17:09:40-debug: lazy register asset handler text
2024-12-2 17:09:40-debug: lazy register asset handler json
2024-12-2 17:09:40-debug: lazy register asset handler spine-data
2024-12-2 17:09:40-debug: lazy register asset handler dragonbones
2024-12-2 17:09:40-debug: lazy register asset handler terrain
2024-12-2 17:09:40-debug: lazy register asset handler dragonbones-atlas
2024-12-2 17:09:40-debug: lazy register asset handler prefab
2024-12-2 17:09:40-debug: lazy register asset handler sprite-frame
2024-12-2 17:09:40-debug: lazy register asset handler tiled-map
2024-12-2 17:09:40-debug: lazy register asset handler javascript
2024-12-2 17:09:40-debug: lazy register asset handler typescript
2024-12-2 17:09:40-debug: lazy register asset handler sign-image
2024-12-2 17:09:40-debug: lazy register asset handler alpha-image
2024-12-2 17:09:40-debug: lazy register asset handler texture
2024-12-2 17:09:40-debug: lazy register asset handler texture-cube
2024-12-2 17:09:40-debug: lazy register asset handler erp-texture-cube
2024-12-2 17:09:40-debug: lazy register asset handler render-texture
2024-12-2 17:09:40-debug: lazy register asset handler texture-cube-face
2024-12-2 17:09:40-debug: lazy register asset handler rt-sprite-frame
2024-12-2 17:09:40-debug: lazy register asset handler gltf
2024-12-2 17:09:40-debug: lazy register asset handler gltf-mesh
2024-12-2 17:09:40-debug: lazy register asset handler gltf-animation
2024-12-2 17:09:40-debug: lazy register asset handler buffer
2024-12-2 17:09:40-debug: lazy register asset handler gltf-skeleton
2024-12-2 17:09:40-debug: lazy register asset handler gltf-material
2024-12-2 17:09:40-debug: lazy register asset handler gltf-scene
2024-12-2 17:09:40-debug: lazy register asset handler gltf-embeded-image
2024-12-2 17:09:40-debug: lazy register asset handler fbx
2024-12-2 17:09:40-debug: lazy register asset handler image
2024-12-2 17:09:40-debug: lazy register asset handler material
2024-12-2 17:09:40-debug: lazy register asset handler effect-header
2024-12-2 17:09:40-debug: lazy register asset handler audio-clip
2024-12-2 17:09:40-debug: lazy register asset handler animation-clip
2024-12-2 17:09:40-debug: lazy register asset handler animation-graph
2024-12-2 17:09:40-debug: lazy register asset handler animation-graph-variant
2024-12-2 17:09:40-debug: lazy register asset handler animation-mask
2024-12-2 17:09:40-debug: lazy register asset handler ttf-font
2024-12-2 17:09:40-debug: lazy register asset handler bitmap-font
2024-12-2 17:09:40-debug: lazy register asset handler particle
2024-12-2 17:09:40-debug: lazy register asset handler sprite-atlas
2024-12-2 17:09:40-debug: lazy register asset handler auto-atlas
2024-12-2 17:09:40-debug: lazy register asset handler label-atlas
2024-12-2 17:09:40-debug: lazy register asset handler render-pipeline
2024-12-2 17:09:40-debug: lazy register asset handler instantiation-material
2024-12-2 17:09:40-debug: lazy register asset handler render-stage
2024-12-2 17:09:40-debug: lazy register asset handler instantiation-mesh
2024-12-2 17:09:40-debug: lazy register asset handler render-flow
2024-12-2 17:09:40-debug: lazy register asset handler instantiation-skeleton
2024-12-2 17:09:40-debug: lazy register asset handler instantiation-animation
2024-12-2 17:09:40-debug: lazy register asset handler video-clip
2024-12-2 17:09:40-debug: lazy register asset handler scene
2024-12-2 17:09:40-debug: lazy register asset handler physics-material
2024-12-2 17:09:40-debug: lazy register asset handler effect
2024-12-2 17:09:40-debug: asset-db:worker-startup-database[assets] (3697ms)
2024-12-2 17:09:40-debug: asset-db:start-database (10362ms)
2024-12-2 17:09:40-debug: asset-db:ready (42580ms)
2024-12-2 17:09:40-debug: init worker message success
2024-12-2 17:09:42-debug: [Build Memory track]: builder:worker-init start:157.38MB, end 171.66MB, increase: 14.27MB
2024-12-2 17:09:42-debug: programming:execute-script (18ms)
2024-12-2 17:09:42-debug: builder:worker-init (1834ms)
2024-12-2 17:23:27-debug: refresh db internal success
2024-12-2 17:23:27-debug: refresh db assets success
2024-12-2 17:23:27-debug: Run asset db hook engine-extends:afterRefresh ...
2024-12-2 17:23:27-debug: Run asset db hook engine-extends:afterRefresh success!
2024-12-2 17:23:27-debug: asset-db:refresh-all-database (256ms)
2024-12-2 17:23:27-debug: asset-db:worker-effect-data-processing (3ms)
2024-12-2 17:23:27-debug: asset-db-hook-engine-extends-afterRefresh (3ms)
2024-12-2 17:24:41-debug: refresh db internal success
2024-12-2 17:24:41-debug: refresh db assets success
2024-12-2 17:24:41-debug: Run asset db hook engine-extends:afterRefresh ...
2024-12-2 17:24:41-debug: Run asset db hook engine-extends:afterRefresh success!
2024-12-2 17:24:41-debug: asset-db:refresh-all-database (61ms)
2024-12-2 17:24:41-debug: asset-db-hook-engine-extends-afterRefresh (1ms)
2024-12-2 17:24:41-debug: asset-db:worker-effect-data-processing (1ms)
